Using pre-set license
Built from '2020.3/staging' branch; Version is '2020.3.6f1 (338bb68529b2) revision 3378102'; Using compiler version '192528614'; Build Type 'Release'
OS: 'Windows 10 Pro; OS build 19042.1165; Version 2009; 64bit' Language: 'pt' Physical Memory: 32614 MB
BatchMode: 1, IsHumanControllingUs: 0, StartBugReporterOnCrash: 0, Is64bit: 1, IsPro: 0

 COMMAND LINE ARGUMENTS:
C:\Program Files\Unity\Hub\Editor\2020.3.6f1\Editor\Unity.exe
-adb2
-batchMode
-noUpm
-name
AssetImportWorker0
-projectPath
C:/Users/fabri/Downloads/Alura_UnityMobile3-ProjetoInicial
-logFile
Logs/AssetImportWorker0.log
-srvPort
61842
Successfully changed project path to: C:/Users/fabri/Downloads/Alura_UnityMobile3-ProjetoInicial
C:/Users/fabri/Downloads/Alura_UnityMobile3-ProjetoInicial
Using Asset Import Pipeline V2.
Refreshing native plugins compatible for Editor in 119.31 ms, found 0 plugins.
Preloading 0 native plugins for Editor in 0.00 ms.
Initialize engine version: 2020.3.6f1 (338bb68529b2)
[Subsystems] Discovering subsystems at path C:/Program Files/Unity/Hub/Editor/2020.3.6f1/Editor/Data/Resources/UnitySubsystems
[Subsystems] Discovering subsystems at path C:/Users/fabri/Downloads/Alura_UnityMobile3-ProjetoInicial/Assets
GfxDevice: creating device client; threaded=0
Direct3D:
    Version:  Direct3D 11.0 [level 11.1]
    Renderer: NVIDIA GeForce GTX 1660 Ti (ID=0x2191)
    Vendor:   
    VRAM:     5991 MB
    Driver:   30.0.14.7196
Initialize mono
Mono path[0] = 'C:/Program Files/Unity/Hub/Editor/2020.3.6f1/Editor/Data/Managed'
Mono path[1] = 'C:/Program Files/Unity/Hub/Editor/2020.3.6f1/Editor/Data/MonoBleedingEdge/lib/mono/unityjit'
Mono config path = 'C:/Program Files/Unity/Hub/Editor/2020.3.6f1/Editor/Data/MonoBleedingEdge/etc'
Using monoOptions --debugger-agent=transport=dt_socket,embedding=1,server=y,suspend=n,address=127.0.0.1:56984
Begin MonoManager ReloadAssembly
Registering precompiled unity dll's ...
Register platform support module: C:/Program Files/Unity/Hub/Editor/2020.3.6f1/Editor/Data/PlaybackEngines/WebGLSupport/UnityEditor.WebGL.Extensions.dll
Register platform support module: C:/Program Files/Unity/Hub/Editor/2020.3.6f1/Editor/Data/PlaybackEngines/WindowsStandaloneSupport/UnityEditor.WindowsStandalone.Extensions.dll
Registered in 0.002555 seconds.
Native extension for WindowsStandalone target not found
Native extension for WebGL target not found
Refreshing native plugins compatible for Editor in 65.32 ms, found 0 plugins.
Preloading 0 native plugins for Editor in 0.00 ms.
Mono: successfully reloaded assembly
- Completed reload, in  3.035 seconds
Platform modules already initialized, skipping
Registering precompiled user dll's ...
Registered in 0.002980 seconds.
Begin MonoManager ReloadAssembly
Native extension for WindowsStandalone target not found
Native extension for WebGL target not found
Refreshing native plugins compatible for Editor in 0.52 ms, found 0 plugins.
Preloading 0 native plugins for Editor in 0.00 ms.
Mono: successfully reloaded assembly
- Completed reload, in  1.102 seconds
Platform modules already initialized, skipping
========================================================================
Worker process is ready to serve import requests
Launched and connected shader compiler UnityShaderCompiler.exe after 0.04 seconds
Refreshing native plugins compatible for Editor in 0.57 ms, found 0 plugins.
Preloading 0 native plugins for Editor in 0.00 ms.
Unloading 1658 Unused Serialized files (Serialized files now loaded: 0)
System memory in use before: 72.3 MB.
System memory in use after: 72.4 MB.

Unloading 42 unused Assets to reduce memory usage. Loaded Objects now: 2081.
Total: 5.633400 ms (FindLiveObjects: 0.180400 ms CreateObjectMapping: 0.057700 ms MarkObjects: 5.317900 ms  DeleteObjects: 0.076200 ms)

========================================================================
Received Import Request.
  path: Assets/Scripts/Gameplay/ControlaInimigo.cs
  artifactKey: Guid(59eabf864c8a857479298ebeae16c339) Importer(815301076,1909f56bfc062723c751e8b465ee728b)
Start importing Assets/Scripts/Gameplay/ControlaInimigo.cs using Guid(59eabf864c8a857479298ebeae16c339) Importer(815301076,1909f56bfc062723c751e8b465ee728b)  -> (artifact id: 'af7399fb66f1a1881ce7a5f8bfb9562f') in 0.039918 seconds
  Import took 0.042846 seconds .

========================================================================
Received Import Request.
  Time since last request: 122.722049 seconds.
  path: Assets/Scripts/Gameplay/MovimentoPersonagem.cs
  artifactKey: Guid(7970cbd945e60fb47bdc585255649c5e) Importer(815301076,1909f56bfc062723c751e8b465ee728b)
Start importing Assets/Scripts/Gameplay/MovimentoPersonagem.cs using Guid(7970cbd945e60fb47bdc585255649c5e) Importer(815301076,1909f56bfc062723c751e8b465ee728b)  -> (artifact id: '956ef031a42e51748443f2f165b96aa8') in 0.007143 seconds
  Import took 0.011183 seconds .

========================================================================
Received Prepare
Registering precompiled user dll's ...
Registered in 0.003033 seconds.
Begin MonoManager ReloadAssembly
Native extension for WindowsStandalone target not found
Native extension for WebGL target not found
Refreshing native plugins compatible for Editor in 1.11 ms, found 0 plugins.
Preloading 0 native plugins for Editor in 0.00 ms.
Mono: successfully reloaded assembly
- Completed reload, in  1.404 seconds
Platform modules already initialized, skipping
Refreshing native plugins compatible for Editor in 0.59 ms, found 0 plugins.
Preloading 0 native plugins for Editor in 0.00 ms.
Unloading 1651 Unused Serialized files (Serialized files now loaded: 0)
System memory in use before: 72.1 MB.
System memory in use after: 72.2 MB.

Unloading 33 unused Assets to reduce memory usage. Loaded Objects now: 2084.
Total: 10.878500 ms (FindLiveObjects: 0.299900 ms CreateObjectMapping: 0.128600 ms MarkObjects: 10.391700 ms  DeleteObjects: 0.055500 ms)

========================================================================
Received Prepare
Registering precompiled user dll's ...
Registered in 0.002272 seconds.
Begin MonoManager ReloadAssembly
Native extension for WindowsStandalone target not found
Native extension for WebGL target not found
Refreshing native plugins compatible for Editor in 0.80 ms, found 0 plugins.
Preloading 0 native plugins for Editor in 0.00 ms.
Mono: successfully reloaded assembly
- Completed reload, in  1.748 seconds
Platform modules already initialized, skipping
Refreshing native plugins compatible for Editor in 0.93 ms, found 0 plugins.
Preloading 0 native plugins for Editor in 0.00 ms.
Unloading 1651 Unused Serialized files (Serialized files now loaded: 0)
System memory in use before: 72.1 MB.
System memory in use after: 72.2 MB.

Unloading 33 unused Assets to reduce memory usage. Loaded Objects now: 2087.
Total: 8.309300 ms (FindLiveObjects: 0.230600 ms CreateObjectMapping: 0.083800 ms MarkObjects: 7.940100 ms  DeleteObjects: 0.051700 ms)

========================================================================
Received Import Request.
  Time since last request: 604.629014 seconds.
  path: Assets/Scripts/Gameplay/ControlaInimigo.cs
  artifactKey: Guid(59eabf864c8a857479298ebeae16c339) Importer(815301076,1909f56bfc062723c751e8b465ee728b)
Start importing Assets/Scripts/Gameplay/ControlaInimigo.cs using Guid(59eabf864c8a857479298ebeae16c339) Importer(815301076,1909f56bfc062723c751e8b465ee728b)  -> (artifact id: 'b00fae8002c144ff6eb36452815471d1') in 0.019896 seconds
  Import took 0.027233 seconds .

========================================================================
Received Import Request.
  Time since last request: 0.012611 seconds.
  path: Assets/Scripts/Gameplay/ControlaInimigo.cs
  artifactKey: Guid(59eabf864c8a857479298ebeae16c339) Importer(815301076,1909f56bfc062723c751e8b465ee728b)
Start importing Assets/Scripts/Gameplay/ControlaInimigo.cs using Guid(59eabf864c8a857479298ebeae16c339) Importer(815301076,1909f56bfc062723c751e8b465ee728b)  -> (artifact id: 'b00fae8002c144ff6eb36452815471d1') in 0.007232 seconds
  Import took 0.014223 seconds .

========================================================================
Received Prepare
Registering precompiled user dll's ...
Registered in 0.002288 seconds.
Begin MonoManager ReloadAssembly
Native extension for WindowsStandalone target not found
Native extension for WebGL target not found
Refreshing native plugins compatible for Editor in 0.63 ms, found 0 plugins.
Preloading 0 native plugins for Editor in 0.00 ms.
Mono: successfully reloaded assembly
- Completed reload, in  1.396 seconds
Platform modules already initialized, skipping
Refreshing native plugins compatible for Editor in 0.81 ms, found 0 plugins.
Preloading 0 native plugins for Editor in 0.00 ms.
Unloading 1651 Unused Serialized files (Serialized files now loaded: 0)
System memory in use before: 72.1 MB.
System memory in use after: 72.2 MB.

Unloading 33 unused Assets to reduce memory usage. Loaded Objects now: 2090.
Total: 7.235100 ms (FindLiveObjects: 0.215000 ms CreateObjectMapping: 0.083400 ms MarkObjects: 6.882300 ms  DeleteObjects: 0.052100 ms)

========================================================================
Received Import Request.
  Time since last request: 86.338100 seconds.
  path: Assets/Scripts/Gameplay/ControlaInimigo.cs
  artifactKey: Guid(59eabf864c8a857479298ebeae16c339) Importer(815301076,1909f56bfc062723c751e8b465ee728b)
Start importing Assets/Scripts/Gameplay/ControlaInimigo.cs using Guid(59eabf864c8a857479298ebeae16c339) Importer(815301076,1909f56bfc062723c751e8b465ee728b)  -> (artifact id: '1a13d13fd5296f2ba54d19508c5e87f7') in 0.006369 seconds
  Import took 0.010522 seconds .

========================================================================
Received Import Request.
  Time since last request: 0.010179 seconds.
  path: Assets/Scripts/Gameplay/ControlaInimigo.cs
  artifactKey: Guid(59eabf864c8a857479298ebeae16c339) Importer(815301076,1909f56bfc062723c751e8b465ee728b)
Start importing Assets/Scripts/Gameplay/ControlaInimigo.cs using Guid(59eabf864c8a857479298ebeae16c339) Importer(815301076,1909f56bfc062723c751e8b465ee728b)  -> (artifact id: '1a13d13fd5296f2ba54d19508c5e87f7') in 0.004681 seconds
  Import took 0.009222 seconds .

========================================================================
Received Prepare
Registering precompiled user dll's ...
Registered in 0.005109 seconds.
Begin MonoManager ReloadAssembly
Native extension for WindowsStandalone target not found
Native extension for WebGL target not found
Refreshing native plugins compatible for Editor in 1.03 ms, found 0 plugins.
Preloading 0 native plugins for Editor in 0.00 ms.
Mono: successfully reloaded assembly
- Completed reload, in  1.908 seconds
Platform modules already initialized, skipping
Refreshing native plugins compatible for Editor in 1.11 ms, found 0 plugins.
Preloading 0 native plugins for Editor in 0.00 ms.
Unloading 1651 Unused Serialized files (Serialized files now loaded: 0)
System memory in use before: 72.2 MB.
System memory in use after: 72.3 MB.

Unloading 33 unused Assets to reduce memory usage. Loaded Objects now: 2093.
Total: 12.284900 ms (FindLiveObjects: 0.415600 ms CreateObjectMapping: 0.151200 ms MarkObjects: 11.671200 ms  DeleteObjects: 0.043800 ms)

========================================================================
Received Prepare
Registering precompiled user dll's ...
Registered in 0.003195 seconds.
Begin MonoManager ReloadAssembly
Native extension for WindowsStandalone target not found
Native extension for WebGL target not found
Refreshing native plugins compatible for Editor in 1.07 ms, found 0 plugins.
Preloading 0 native plugins for Editor in 0.00 ms.
Mono: successfully reloaded assembly
- Completed reload, in  1.612 seconds
Platform modules already initialized, skipping
Refreshing native plugins compatible for Editor in 0.54 ms, found 0 plugins.
Preloading 0 native plugins for Editor in 0.00 ms.
Unloading 1651 Unused Serialized files (Serialized files now loaded: 0)
System memory in use before: 72.2 MB.
System memory in use after: 72.3 MB.

Unloading 33 unused Assets to reduce memory usage. Loaded Objects now: 2096.
Total: 5.730600 ms (FindLiveObjects: 0.161000 ms CreateObjectMapping: 0.056200 ms MarkObjects: 5.484200 ms  DeleteObjects: 0.027700 ms)

========================================================================
Received Import Request.
  Time since last request: 340.191264 seconds.
  path: Assets/Scripts/Gameplay/ControlaArma.cs
  artifactKey: Guid(d9dab9364d19d0f47af0d0f3f697db6d) Importer(815301076,1909f56bfc062723c751e8b465ee728b)
Start importing Assets/Scripts/Gameplay/ControlaArma.cs using Guid(d9dab9364d19d0f47af0d0f3f697db6d) Importer(815301076,1909f56bfc062723c751e8b465ee728b)  -> (artifact id: '6813296ee20f09c91a955b5a1babe981') in 0.011950 seconds
  Import took 0.014899 seconds .

========================================================================
Received Prepare
Registering precompiled user dll's ...
Registered in 0.002225 seconds.
Begin MonoManager ReloadAssembly
Native extension for WindowsStandalone target not found
Native extension for WebGL target not found
Refreshing native plugins compatible for Editor in 0.51 ms, found 0 plugins.
Preloading 0 native plugins for Editor in 0.00 ms.
Mono: successfully reloaded assembly
- Completed reload, in  0.905 seconds
Platform modules already initialized, skipping
Refreshing native plugins compatible for Editor in 0.75 ms, found 0 plugins.
Preloading 0 native plugins for Editor in 0.00 ms.
Unloading 1651 Unused Serialized files (Serialized files now loaded: 0)
System memory in use before: 72.2 MB.
System memory in use after: 72.3 MB.

Unloading 33 unused Assets to reduce memory usage. Loaded Objects now: 2099.
Total: 6.090100 ms (FindLiveObjects: 0.243400 ms CreateObjectMapping: 0.089500 ms MarkObjects: 5.723500 ms  DeleteObjects: 0.031600 ms)

========================================================================
Received Prepare
Registering precompiled user dll's ...
Registered in 0.002019 seconds.
Begin MonoManager ReloadAssembly
Native extension for WindowsStandalone target not found
Native extension for WebGL target not found
Refreshing native plugins compatible for Editor in 0.50 ms, found 0 plugins.
Preloading 0 native plugins for Editor in 0.00 ms.
Mono: successfully reloaded assembly
- Completed reload, in  0.843 seconds
Platform modules already initialized, skipping
Refreshing native plugins compatible for Editor in 0.51 ms, found 0 plugins.
Preloading 0 native plugins for Editor in 0.00 ms.
Unloading 1651 Unused Serialized files (Serialized files now loaded: 0)
System memory in use before: 72.2 MB.
System memory in use after: 72.3 MB.

Unloading 33 unused Assets to reduce memory usage. Loaded Objects now: 2102.
Total: 4.862000 ms (FindLiveObjects: 0.168000 ms CreateObjectMapping: 0.052900 ms MarkObjects: 4.621100 ms  DeleteObjects: 0.018500 ms)

========================================================================
Received Import Request.
  Time since last request: 810.105083 seconds.
  path: Assets/Scripts/Gameplay/GeradorChefe.cs
  artifactKey: Guid(244e31dfa464145479ae4242a4b7be6a) Importer(815301076,1909f56bfc062723c751e8b465ee728b)
Start importing Assets/Scripts/Gameplay/GeradorChefe.cs using Guid(244e31dfa464145479ae4242a4b7be6a) Importer(815301076,1909f56bfc062723c751e8b465ee728b)  -> (artifact id: 'c5812ba555b17e422d4d3777dae21275') in 0.008281 seconds
  Import took 0.010890 seconds .

========================================================================
Received Import Request.
  Time since last request: 0.001796 seconds.
  path: Assets/Scripts/Gameplay/GeradorChefe.cs
  artifactKey: Guid(244e31dfa464145479ae4242a4b7be6a) Importer(815301076,1909f56bfc062723c751e8b465ee728b)
Start importing Assets/Scripts/Gameplay/GeradorChefe.cs using Guid(244e31dfa464145479ae4242a4b7be6a) Importer(815301076,1909f56bfc062723c751e8b465ee728b)  -> (artifact id: 'c5812ba555b17e422d4d3777dae21275') in 0.002348 seconds
  Import took 0.004808 seconds .

========================================================================
Received Prepare
Registering precompiled user dll's ...
Registered in 0.002093 seconds.
Begin MonoManager ReloadAssembly
Native extension for WindowsStandalone target not found
Native extension for WebGL target not found
Refreshing native plugins compatible for Editor in 0.63 ms, found 0 plugins.
Preloading 0 native plugins for Editor in 0.00 ms.
Mono: successfully reloaded assembly
- Completed reload, in  0.910 seconds
Platform modules already initialized, skipping
Refreshing native plugins compatible for Editor in 0.50 ms, found 0 plugins.
Preloading 0 native plugins for Editor in 0.00 ms.
Unloading 1651 Unused Serialized files (Serialized files now loaded: 0)
System memory in use before: 72.2 MB.
System memory in use after: 72.3 MB.

Unloading 33 unused Assets to reduce memory usage. Loaded Objects now: 2105.
Total: 4.987000 ms (FindLiveObjects: 0.151600 ms CreateObjectMapping: 0.052500 ms MarkObjects: 4.761100 ms  DeleteObjects: 0.020300 ms)

========================================================================
Received Import Request.
  Time since last request: 287.030332 seconds.
  path: Assets/Scripts/Gameplay/GeradorChefe.cs
  artifactKey: Guid(244e31dfa464145479ae4242a4b7be6a) Importer(815301076,1909f56bfc062723c751e8b465ee728b)
Start importing Assets/Scripts/Gameplay/GeradorChefe.cs using Guid(244e31dfa464145479ae4242a4b7be6a) Importer(815301076,1909f56bfc062723c751e8b465ee728b)  -> (artifact id: 'bf55d0b993d925d9a038b021eff20aea') in 0.004613 seconds
  Import took 0.007299 seconds .

========================================================================
Received Import Request.
  Time since last request: 0.000600 seconds.
  path: Assets/Scripts/Gameplay/GeradorChefe.cs
  artifactKey: Guid(244e31dfa464145479ae4242a4b7be6a) Importer(815301076,1909f56bfc062723c751e8b465ee728b)
Start importing Assets/Scripts/Gameplay/GeradorChefe.cs using Guid(244e31dfa464145479ae4242a4b7be6a) Importer(815301076,1909f56bfc062723c751e8b465ee728b)  -> (artifact id: 'bf55d0b993d925d9a038b021eff20aea') in 0.001758 seconds
  Import took 0.004380 seconds .

========================================================================
Received Import Request.
  Time since last request: 180.052114 seconds.
  path: Assets/Scripts/Gameplay/Reservas/ReservaExtensivel.cs
  artifactKey: Guid(f693d73ba23ad78449f472bcb2fe0b89) Importer(815301076,1909f56bfc062723c751e8b465ee728b)
Start importing Assets/Scripts/Gameplay/Reservas/ReservaExtensivel.cs using Guid(f693d73ba23ad78449f472bcb2fe0b89) Importer(815301076,1909f56bfc062723c751e8b465ee728b)  -> (artifact id: '70b83720068d2d58dbe84c130aaac00a') in 0.008191 seconds
  Import took 0.011199 seconds .

========================================================================
Received Prepare
Registering precompiled user dll's ...
Registered in 0.002048 seconds.
Begin MonoManager ReloadAssembly
Native extension for WindowsStandalone target not found
Native extension for WebGL target not found
Refreshing native plugins compatible for Editor in 0.53 ms, found 0 plugins.
Preloading 0 native plugins for Editor in 0.00 ms.
Mono: successfully reloaded assembly
- Completed reload, in  0.953 seconds
Platform modules already initialized, skipping
Refreshing native plugins compatible for Editor in 0.52 ms, found 0 plugins.
Preloading 0 native plugins for Editor in 0.00 ms.
Unloading 1652 Unused Serialized files (Serialized files now loaded: 0)
System memory in use before: 72.2 MB.
System memory in use after: 72.3 MB.

Unloading 33 unused Assets to reduce memory usage. Loaded Objects now: 2109.
Total: 5.127800 ms (FindLiveObjects: 0.148800 ms CreateObjectMapping: 0.051800 ms MarkObjects: 4.905700 ms  DeleteObjects: 0.020600 ms)

========================================================================
Received Prepare
Registering precompiled user dll's ...
Registered in 0.002303 seconds.
Begin MonoManager ReloadAssembly
Native extension for WindowsStandalone target not found
Native extension for WebGL target not found
Refreshing native plugins compatible for Editor in 0.48 ms, found 0 plugins.
Preloading 0 native plugins for Editor in 0.00 ms.
Mono: successfully reloaded assembly
- Completed reload, in  0.797 seconds
Platform modules already initialized, skipping
Refreshing native plugins compatible for Editor in 0.51 ms, found 0 plugins.
Preloading 0 native plugins for Editor in 0.00 ms.
Unloading 1652 Unused Serialized files (Serialized files now loaded: 0)
System memory in use before: 72.2 MB.
System memory in use after: 72.3 MB.

Unloading 33 unused Assets to reduce memory usage. Loaded Objects now: 2112.
Total: 5.453300 ms (FindLiveObjects: 0.173300 ms CreateObjectMapping: 0.065800 ms MarkObjects: 5.192800 ms  DeleteObjects: 0.020500 ms)

========================================================================
Received Import Request.
  Time since last request: 223.797920 seconds.
  path: Assets/Scripts/Gameplay/Reservas/ReservaExtensivel.cs
  artifactKey: Guid(f693d73ba23ad78449f472bcb2fe0b89) Importer(815301076,1909f56bfc062723c751e8b465ee728b)
Start importing Assets/Scripts/Gameplay/Reservas/ReservaExtensivel.cs using Guid(f693d73ba23ad78449f472bcb2fe0b89) Importer(815301076,1909f56bfc062723c751e8b465ee728b)  -> (artifact id: '19a88ad40ce687afe4af6fb3da79b0e3') in 0.006515 seconds
  Import took 0.010242 seconds .

========================================================================
Received Import Request.
  Time since last request: 0.003720 seconds.
  path: Assets/Scripts/Gameplay/Reservas/ReservaExtensivel.cs
  artifactKey: Guid(f693d73ba23ad78449f472bcb2fe0b89) Importer(815301076,1909f56bfc062723c751e8b465ee728b)
Start importing Assets/Scripts/Gameplay/Reservas/ReservaExtensivel.cs using Guid(f693d73ba23ad78449f472bcb2fe0b89) Importer(815301076,1909f56bfc062723c751e8b465ee728b)  -> (artifact id: '19a88ad40ce687afe4af6fb3da79b0e3') in 0.002481 seconds
  Import took 0.005595 seconds .

========================================================================
Received Prepare
Registering precompiled user dll's ...
Registered in 0.001992 seconds.
Begin MonoManager ReloadAssembly
Native extension for WindowsStandalone target not found
Native extension for WebGL target not found
Refreshing native plugins compatible for Editor in 0.49 ms, found 0 plugins.
Preloading 0 native plugins for Editor in 0.00 ms.
Mono: successfully reloaded assembly
- Completed reload, in  0.765 seconds
Platform modules already initialized, skipping
Refreshing native plugins compatible for Editor in 0.52 ms, found 0 plugins.
Preloading 0 native plugins for Editor in 0.00 ms.
Unloading 1652 Unused Serialized files (Serialized files now loaded: 0)
System memory in use before: 72.2 MB.
System memory in use after: 72.3 MB.

Unloading 33 unused Assets to reduce memory usage. Loaded Objects now: 2115.
Total: 6.583700 ms (FindLiveObjects: 0.192000 ms CreateObjectMapping: 0.064600 ms MarkObjects: 6.301800 ms  DeleteObjects: 0.023900 ms)

========================================================================
Received Prepare
Registering precompiled user dll's ...
Registered in 0.002267 seconds.
Begin MonoManager ReloadAssembly
Native extension for WindowsStandalone target not found
Native extension for WebGL target not found
Refreshing native plugins compatible for Editor in 0.52 ms, found 0 plugins.
Preloading 0 native plugins for Editor in 0.00 ms.
Mono: successfully reloaded assembly
- Completed reload, in  0.821 seconds
Platform modules already initialized, skipping
Refreshing native plugins compatible for Editor in 0.54 ms, found 0 plugins.
Preloading 0 native plugins for Editor in 0.00 ms.
Unloading 1652 Unused Serialized files (Serialized files now loaded: 0)
System memory in use before: 72.2 MB.
System memory in use after: 72.3 MB.

Unloading 33 unused Assets to reduce memory usage. Loaded Objects now: 2118.
Total: 14.423700 ms (FindLiveObjects: 0.645500 ms CreateObjectMapping: 0.238800 ms MarkObjects: 13.499300 ms  DeleteObjects: 0.037300 ms)

========================================================================
Received Import Request.
  Time since last request: 113.051063 seconds.
  path: Assets/Scripts/Gameplay/ControlaArma.cs
  artifactKey: Guid(d9dab9364d19d0f47af0d0f3f697db6d) Importer(815301076,1909f56bfc062723c751e8b465ee728b)
Start importing Assets/Scripts/Gameplay/ControlaArma.cs using Guid(d9dab9364d19d0f47af0d0f3f697db6d) Importer(815301076,1909f56bfc062723c751e8b465ee728b)  -> (artifact id: 'b3a91b3ca465fbcbaed50bd33f822ebf') in 0.006803 seconds
  Import took 0.010187 seconds .

========================================================================
Received Prepare
Registering precompiled user dll's ...
Registered in 0.002013 seconds.
Begin MonoManager ReloadAssembly
Native extension for WindowsStandalone target not found
Native extension for WebGL target not found
Refreshing native plugins compatible for Editor in 0.50 ms, found 0 plugins.
Preloading 0 native plugins for Editor in 0.00 ms.
Mono: successfully reloaded assembly
- Completed reload, in  0.784 seconds
Platform modules already initialized, skipping
Refreshing native plugins compatible for Editor in 0.50 ms, found 0 plugins.
Preloading 0 native plugins for Editor in 0.00 ms.
Unloading 1652 Unused Serialized files (Serialized files now loaded: 0)
System memory in use before: 72.2 MB.
System memory in use after: 72.3 MB.

Unloading 33 unused Assets to reduce memory usage. Loaded Objects now: 2121.
Total: 5.652900 ms (FindLiveObjects: 0.280600 ms CreateObjectMapping: 0.040800 ms MarkObjects: 5.313200 ms  DeleteObjects: 0.017300 ms)

========================================================================
Received Import Request.
  Time since last request: 19.646234 seconds.
  path: Assets/Scripts/Gameplay/ControlaArma.cs
  artifactKey: Guid(d9dab9364d19d0f47af0d0f3f697db6d) Importer(815301076,1909f56bfc062723c751e8b465ee728b)
Start importing Assets/Scripts/Gameplay/ControlaArma.cs using Guid(d9dab9364d19d0f47af0d0f3f697db6d) Importer(815301076,1909f56bfc062723c751e8b465ee728b)  -> (artifact id: '856d387cc5a1d7b7e4de10ab4d5f1ca8') in 0.006505 seconds
  Import took 0.008929 seconds .

========================================================================
Received Import Request.
  Time since last request: 311.120491 seconds.
  path: Assets/Scripts/Gameplay/Reservas/IReservaObjetos.cs
  artifactKey: Guid(3fa741276fd6e544a91c6f3ddc5c04ac) Importer(815301076,1909f56bfc062723c751e8b465ee728b)
Start importing Assets/Scripts/Gameplay/Reservas/IReservaObjetos.cs using Guid(3fa741276fd6e544a91c6f3ddc5c04ac) Importer(815301076,1909f56bfc062723c751e8b465ee728b)  -> (artifact id: 'a13c6a8596523285984b3b67ab818bce') in 0.007006 seconds
  Import took 0.009758 seconds .

========================================================================
Received Import Request.
  Time since last request: 239.533976 seconds.
  path: Assets/Scripts/Gameplay/Reservas/IReservaObjetos.cs
  artifactKey: Guid(3fa741276fd6e544a91c6f3ddc5c04ac) Importer(815301076,1909f56bfc062723c751e8b465ee728b)
Start importing Assets/Scripts/Gameplay/Reservas/IReservaObjetos.cs using Guid(3fa741276fd6e544a91c6f3ddc5c04ac) Importer(815301076,1909f56bfc062723c751e8b465ee728b)  -> (artifact id: '21c87b6a6f58905a3ee34b9abec9dd4f') in 0.003830 seconds
  Import took 0.007658 seconds .

========================================================================
Received Prepare
Registering precompiled user dll's ...
Registered in 0.001858 seconds.
Begin MonoManager ReloadAssembly
Native extension for WindowsStandalone target not found
Native extension for WebGL target not found
Refreshing native plugins compatible for Editor in 0.48 ms, found 0 plugins.
Preloading 0 native plugins for Editor in 0.00 ms.
Mono: successfully reloaded assembly
- Completed reload, in  0.779 seconds
Platform modules already initialized, skipping
Refreshing native plugins compatible for Editor in 0.53 ms, found 0 plugins.
Preloading 0 native plugins for Editor in 0.00 ms.
Unloading 1653 Unused Serialized files (Serialized files now loaded: 0)
System memory in use before: 72.3 MB.
System memory in use after: 72.4 MB.

Unloading 33 unused Assets to reduce memory usage. Loaded Objects now: 2125.
Total: 5.255300 ms (FindLiveObjects: 0.446200 ms CreateObjectMapping: 0.107600 ms MarkObjects: 4.679800 ms  DeleteObjects: 0.020300 ms)

========================================================================
Received Prepare
Registering precompiled user dll's ...
Registered in 0.002101 seconds.
Begin MonoManager ReloadAssembly
Native extension for WindowsStandalone target not found
Native extension for WebGL target not found
Refreshing native plugins compatible for Editor in 0.53 ms, found 0 plugins.
Preloading 0 native plugins for Editor in 0.00 ms.
Mono: successfully reloaded assembly
- Completed reload, in  0.841 seconds
Platform modules already initialized, skipping
Refreshing native plugins compatible for Editor in 0.53 ms, found 0 plugins.
Preloading 0 native plugins for Editor in 0.00 ms.
Unloading 1653 Unused Serialized files (Serialized files now loaded: 0)
System memory in use before: 72.3 MB.
System memory in use after: 72.4 MB.

Unloading 33 unused Assets to reduce memory usage. Loaded Objects now: 2128.
Total: 4.999100 ms (FindLiveObjects: 0.147400 ms CreateObjectMapping: 0.051400 ms MarkObjects: 4.780200 ms  DeleteObjects: 0.018800 ms)

========================================================================
Received Import Request.
  Time since last request: 888.315059 seconds.
  path: Assets/Scripts/Gameplay/ControlaArma.cs
  artifactKey: Guid(d9dab9364d19d0f47af0d0f3f697db6d) Importer(815301076,1909f56bfc062723c751e8b465ee728b)
Start importing Assets/Scripts/Gameplay/ControlaArma.cs using Guid(d9dab9364d19d0f47af0d0f3f697db6d) Importer(815301076,1909f56bfc062723c751e8b465ee728b)  -> (artifact id: '7e5888aa17f3bd3daca9f081e0ae97a9') in 0.006237 seconds
  Import took 0.008933 seconds .

========================================================================
Received Prepare
Registering precompiled user dll's ...
Registered in 0.001983 seconds.
Begin MonoManager ReloadAssembly
Native extension for WindowsStandalone target not found
Native extension for WebGL target not found
Refreshing native plugins compatible for Editor in 0.49 ms, found 0 plugins.
Preloading 0 native plugins for Editor in 0.00 ms.
Mono: successfully reloaded assembly
- Completed reload, in  0.730 seconds
Platform modules already initialized, skipping
Refreshing native plugins compatible for Editor in 0.51 ms, found 0 plugins.
Preloading 0 native plugins for Editor in 0.00 ms.
Unloading 1653 Unused Serialized files (Serialized files now loaded: 0)
System memory in use before: 72.3 MB.
System memory in use after: 72.4 MB.

Unloading 33 unused Assets to reduce memory usage. Loaded Objects now: 2131.
Total: 9.908400 ms (FindLiveObjects: 0.454400 ms CreateObjectMapping: 0.198500 ms MarkObjects: 9.235800 ms  DeleteObjects: 0.016200 ms)

========================================================================
Received Prepare
Registering precompiled user dll's ...
Registered in 0.002091 seconds.
Begin MonoManager ReloadAssembly
Native extension for WindowsStandalone target not found
Native extension for WebGL target not found
Refreshing native plugins compatible for Editor in 0.49 ms, found 0 plugins.
Preloading 0 native plugins for Editor in 0.00 ms.
Mono: successfully reloaded assembly
- Completed reload, in  0.801 seconds
Platform modules already initialized, skipping
Refreshing native plugins compatible for Editor in 0.51 ms, found 0 plugins.
Preloading 0 native plugins for Editor in 0.00 ms.
Unloading 1653 Unused Serialized files (Serialized files now loaded: 0)
System memory in use before: 72.3 MB.
System memory in use after: 72.4 MB.

Unloading 33 unused Assets to reduce memory usage. Loaded Objects now: 2134.
Total: 5.304900 ms (FindLiveObjects: 0.169800 ms CreateObjectMapping: 0.051500 ms MarkObjects: 5.050900 ms  DeleteObjects: 0.031600 ms)

========================================================================
Received Prepare
Registering precompiled user dll's ...
Registered in 0.002413 seconds.
Begin MonoManager ReloadAssembly
Native extension for WindowsStandalone target not found
Native extension for WebGL target not found
Refreshing native plugins compatible for Editor in 0.49 ms, found 0 plugins.
Preloading 0 native plugins for Editor in 0.00 ms.
Mono: successfully reloaded assembly
- Completed reload, in  0.775 seconds
Platform modules already initialized, skipping
Refreshing native plugins compatible for Editor in 0.51 ms, found 0 plugins.
Preloading 0 native plugins for Editor in 0.00 ms.
Unloading 1653 Unused Serialized files (Serialized files now loaded: 0)
System memory in use before: 72.3 MB.
System memory in use after: 72.4 MB.

Unloading 33 unused Assets to reduce memory usage. Loaded Objects now: 2137.
Total: 5.714400 ms (FindLiveObjects: 0.370700 ms CreateObjectMapping: 0.100700 ms MarkObjects: 5.221500 ms  DeleteObjects: 0.020600 ms)

========================================================================
Received Prepare
Registering precompiled user dll's ...
Registered in 0.002066 seconds.
Begin MonoManager ReloadAssembly
Native extension for WindowsStandalone target not found
Native extension for WebGL target not found
Refreshing native plugins compatible for Editor in 0.50 ms, found 0 plugins.
Preloading 0 native plugins for Editor in 0.00 ms.
Mono: successfully reloaded assembly
- Completed reload, in  0.796 seconds
Platform modules already initialized, skipping
Refreshing native plugins compatible for Editor in 0.52 ms, found 0 plugins.
Preloading 0 native plugins for Editor in 0.00 ms.
Unloading 1653 Unused Serialized files (Serialized files now loaded: 0)
System memory in use before: 72.3 MB.
System memory in use after: 72.4 MB.

Unloading 33 unused Assets to reduce memory usage. Loaded Objects now: 2140.
Total: 5.416800 ms (FindLiveObjects: 0.198900 ms CreateObjectMapping: 0.056000 ms MarkObjects: 5.139600 ms  DeleteObjects: 0.021100 ms)

========================================================================
Received Import Request.
  Time since last request: 621.007759 seconds.
  path: Assets/Scripts/Gameplay/MovimentoJogador.cs
  artifactKey: Guid(123ba307a469ead4abbb7c73290738ec) Importer(815301076,1909f56bfc062723c751e8b465ee728b)
Start importing Assets/Scripts/Gameplay/MovimentoJogador.cs using Guid(123ba307a469ead4abbb7c73290738ec) Importer(815301076,1909f56bfc062723c751e8b465ee728b)  -> (artifact id: '58bde2b8b514833d389caaec96cc3c21') in 0.007187 seconds
  Import took 0.009868 seconds .

========================================================================
Received Import Request.
  Time since last request: 4.583233 seconds.
  path: Assets/Scripts/Audio
  artifactKey: Guid(e1ffd7648f589a248a04eaa40b7fb919) Importer(815301076,1909f56bfc062723c751e8b465ee728b)
Start importing Assets/Scripts/Audio using Guid(e1ffd7648f589a248a04eaa40b7fb919) Importer(815301076,1909f56bfc062723c751e8b465ee728b)  -> (artifact id: '08ad616fb3dbaac74229fc943cb037ce') in 0.009080 seconds
  Import took 0.012377 seconds .

========================================================================
Received Import Request.
  Time since last request: 9.591175 seconds.
  path: Assets/Scripts/Audio/CaixaDeSom.cs
  artifactKey: Guid(1100635561d938b429da17d1a43889a6) Importer(815301076,1909f56bfc062723c751e8b465ee728b)
Start importing Assets/Scripts/Audio/CaixaDeSom.cs using Guid(1100635561d938b429da17d1a43889a6) Importer(815301076,1909f56bfc062723c751e8b465ee728b)  -> (artifact id: 'e0a6a1083f345b2e2528cc7f438d0f80') in 0.008100 seconds
  Import took 0.011059 seconds .

========================================================================
Received Import Request.
  Time since last request: 0.001647 seconds.
  path: Assets/Scripts/Audio/CaixaDeSom.cs
  artifactKey: Guid(1100635561d938b429da17d1a43889a6) Importer(815301076,1909f56bfc062723c751e8b465ee728b)
Start importing Assets/Scripts/Audio/CaixaDeSom.cs using Guid(1100635561d938b429da17d1a43889a6) Importer(815301076,1909f56bfc062723c751e8b465ee728b)  -> (artifact id: 'e0a6a1083f345b2e2528cc7f438d0f80') in 0.001934 seconds
  Import took 0.004598 seconds .

========================================================================
Received Prepare
Registering precompiled user dll's ...
Registered in 0.001963 seconds.
Begin MonoManager ReloadAssembly
Native extension for WindowsStandalone target not found
Native extension for WebGL target not found
Refreshing native plugins compatible for Editor in 0.52 ms, found 0 plugins.
Preloading 0 native plugins for Editor in 0.00 ms.
Mono: successfully reloaded assembly
- Completed reload, in  0.852 seconds
Platform modules already initialized, skipping
Refreshing native plugins compatible for Editor in 0.55 ms, found 0 plugins.
Preloading 0 native plugins for Editor in 0.00 ms.
Unloading 1654 Unused Serialized files (Serialized files now loaded: 0)
System memory in use before: 72.3 MB.
System memory in use after: 72.4 MB.

Unloading 33 unused Assets to reduce memory usage. Loaded Objects now: 2144.
Total: 5.698900 ms (FindLiveObjects: 0.249900 ms CreateObjectMapping: 0.115400 ms MarkObjects: 5.309200 ms  DeleteObjects: 0.023400 ms)

========================================================================
Received Prepare
Registering precompiled user dll's ...
Registered in 0.001896 seconds.
Begin MonoManager ReloadAssembly
Native extension for WindowsStandalone target not found
Native extension for WebGL target not found
Refreshing native plugins compatible for Editor in 0.50 ms, found 0 plugins.
Preloading 0 native plugins for Editor in 0.00 ms.
Mono: successfully reloaded assembly
- Completed reload, in  0.782 seconds
Platform modules already initialized, skipping
Refreshing native plugins compatible for Editor in 0.57 ms, found 0 plugins.
Preloading 0 native plugins for Editor in 0.00 ms.
Unloading 1654 Unused Serialized files (Serialized files now loaded: 0)
System memory in use before: 72.3 MB.
System memory in use after: 72.4 MB.

Unloading 33 unused Assets to reduce memory usage. Loaded Objects now: 2147.
Total: 19.141700 ms (FindLiveObjects: 0.488800 ms CreateObjectMapping: 0.213300 ms MarkObjects: 18.396300 ms  DeleteObjects: 0.038300 ms)

========================================================================
Received Import Request.
  Time since last request: 124.194351 seconds.
  path: Assets/Scripts/Audio/CaixaDeSom.cs
  artifactKey: Guid(1100635561d938b429da17d1a43889a6) Importer(815301076,1909f56bfc062723c751e8b465ee728b)
Start importing Assets/Scripts/Audio/CaixaDeSom.cs using Guid(1100635561d938b429da17d1a43889a6) Importer(815301076,1909f56bfc062723c751e8b465ee728b)  -> (artifact id: '76cec06f6499cbc5e60dd9af1dada6ef') in 0.009935 seconds
  Import took 0.014014 seconds .

========================================================================
Received Prepare
Registering precompiled user dll's ...
Registered in 0.001872 seconds.
Begin MonoManager ReloadAssembly
Native extension for WindowsStandalone target not found
Native extension for WebGL target not found
Refreshing native plugins compatible for Editor in 0.49 ms, found 0 plugins.
Preloading 0 native plugins for Editor in 0.00 ms.
Mono: successfully reloaded assembly
- Completed reload, in  0.793 seconds
Platform modules already initialized, skipping
Refreshing native plugins compatible for Editor in 0.55 ms, found 0 plugins.
Preloading 0 native plugins for Editor in 0.00 ms.
Unloading 1654 Unused Serialized files (Serialized files now loaded: 0)
System memory in use before: 72.3 MB.
System memory in use after: 72.4 MB.

Unloading 33 unused Assets to reduce memory usage. Loaded Objects now: 2150.
Total: 5.555900 ms (FindLiveObjects: 0.144400 ms CreateObjectMapping: 0.050800 ms MarkObjects: 5.339800 ms  DeleteObjects: 0.020000 ms)

========================================================================
Received Prepare
Registering precompiled user dll's ...
Registered in 0.002518 seconds.
Begin MonoManager ReloadAssembly
Native extension for WindowsStandalone target not found
Native extension for WebGL target not found
Refreshing native plugins compatible for Editor in 0.60 ms, found 0 plugins.
Preloading 0 native plugins for Editor in 0.00 ms.
Mono: successfully reloaded assembly
- Completed reload, in  1.041 seconds
Platform modules already initialized, skipping
Refreshing native plugins compatible for Editor in 0.73 ms, found 0 plugins.
Preloading 0 native plugins for Editor in 0.00 ms.
Unloading 1654 Unused Serialized files (Serialized files now loaded: 0)
System memory in use before: 72.3 MB.
System memory in use after: 72.5 MB.

Unloading 33 unused Assets to reduce memory usage. Loaded Objects now: 2153.
Total: 6.044200 ms (FindLiveObjects: 0.315600 ms CreateObjectMapping: 0.109800 ms MarkObjects: 5.596200 ms  DeleteObjects: 0.021200 ms)

========================================================================
Received Prepare
Registering precompiled user dll's ...
Registered in 0.001861 seconds.
Begin MonoManager ReloadAssembly
Native extension for WindowsStandalone target not found
Native extension for WebGL target not found
Refreshing native plugins compatible for Editor in 0.55 ms, found 0 plugins.
Preloading 0 native plugins for Editor in 0.00 ms.
Mono: successfully reloaded assembly
- Completed reload, in  0.776 seconds
Platform modules already initialized, skipping
Refreshing native plugins compatible for Editor in 0.53 ms, found 0 plugins.
Preloading 0 native plugins for Editor in 0.00 ms.
Unloading 1654 Unused Serialized files (Serialized files now loaded: 0)
System memory in use before: 72.4 MB.
System memory in use after: 72.5 MB.

Unloading 33 unused Assets to reduce memory usage. Loaded Objects now: 2156.
Total: 5.380700 ms (FindLiveObjects: 0.299600 ms CreateObjectMapping: 0.079100 ms MarkObjects: 4.980100 ms  DeleteObjects: 0.020600 ms)

========================================================================
Received Prepare
Registering precompiled user dll's ...
Registered in 0.001881 seconds.
Begin MonoManager ReloadAssembly
Native extension for WindowsStandalone target not found
Native extension for WebGL target not found
Refreshing native plugins compatible for Editor in 0.48 ms, found 0 plugins.
Preloading 0 native plugins for Editor in 0.00 ms.
Mono: successfully reloaded assembly
- Completed reload, in  0.772 seconds
Platform modules already initialized, skipping
Refreshing native plugins compatible for Editor in 0.51 ms, found 0 plugins.
Preloading 0 native plugins for Editor in 0.00 ms.
Unloading 1654 Unused Serialized files (Serialized files now loaded: 0)
System memory in use before: 72.4 MB.
System memory in use after: 72.5 MB.

Unloading 33 unused Assets to reduce memory usage. Loaded Objects now: 2159.
Total: 5.513100 ms (FindLiveObjects: 0.183600 ms CreateObjectMapping: 0.077700 ms MarkObjects: 5.229300 ms  DeleteObjects: 0.021300 ms)

========================================================================
Received Prepare
Registering precompiled user dll's ...
Registered in 0.002727 seconds.
Begin MonoManager ReloadAssembly
Native extension for WindowsStandalone target not found
Native extension for WebGL target not found
Refreshing native plugins compatible for Editor in 0.54 ms, found 0 plugins.
Preloading 0 native plugins for Editor in 0.00 ms.
Mono: successfully reloaded assembly
- Completed reload, in  1.014 seconds
Platform modules already initialized, skipping
Refreshing native plugins compatible for Editor in 0.71 ms, found 0 plugins.
Preloading 0 native plugins for Editor in 0.00 ms.
Unloading 1654 Unused Serialized files (Serialized files now loaded: 0)
System memory in use before: 72.4 MB.
System memory in use after: 72.5 MB.

Unloading 33 unused Assets to reduce memory usage. Loaded Objects now: 2162.
Total: 5.861800 ms (FindLiveObjects: 0.246100 ms CreateObjectMapping: 0.086500 ms MarkObjects: 5.454300 ms  DeleteObjects: 0.072600 ms)

========================================================================
Received Prepare
Registering precompiled user dll's ...
Registered in 0.001936 seconds.
Begin MonoManager ReloadAssembly
Native extension for WindowsStandalone target not found
Native extension for WebGL target not found
Refreshing native plugins compatible for Editor in 0.48 ms, found 0 plugins.
Preloading 0 native plugins for Editor in 0.00 ms.
Mono: successfully reloaded assembly
- Completed reload, in  0.794 seconds
Platform modules already initialized, skipping
Refreshing native plugins compatible for Editor in 0.54 ms, found 0 plugins.
Preloading 0 native plugins for Editor in 0.00 ms.
Unloading 1654 Unused Serialized files (Serialized files now loaded: 0)
System memory in use before: 72.4 MB.
System memory in use after: 72.5 MB.

Unloading 33 unused Assets to reduce memory usage. Loaded Objects now: 2165.
Total: 5.363500 ms (FindLiveObjects: 0.157700 ms CreateObjectMapping: 0.050200 ms MarkObjects: 5.109100 ms  DeleteObjects: 0.045500 ms)

========================================================================
Received Prepare
Registering precompiled user dll's ...
Registered in 0.002869 seconds.
Begin MonoManager ReloadAssembly
Native extension for WindowsStandalone target not found
Native extension for WebGL target not found
Refreshing native plugins compatible for Editor in 0.54 ms, found 0 plugins.
Preloading 0 native plugins for Editor in 0.00 ms.
Mono: successfully reloaded assembly
- Completed reload, in  0.978 seconds
Platform modules already initialized, skipping
Refreshing native plugins compatible for Editor in 0.69 ms, found 0 plugins.
Preloading 0 native plugins for Editor in 0.00 ms.
Unloading 1654 Unused Serialized files (Serialized files now loaded: 0)
System memory in use before: 72.4 MB.
System memory in use after: 72.5 MB.

Unloading 33 unused Assets to reduce memory usage. Loaded Objects now: 2168.
Total: 5.765900 ms (FindLiveObjects: 0.192300 ms CreateObjectMapping: 0.061000 ms MarkObjects: 5.487500 ms  DeleteObjects: 0.023100 ms)

========================================================================
Received Prepare
Registering precompiled user dll's ...
Registered in 0.001840 seconds.
Begin MonoManager ReloadAssembly
Native extension for WindowsStandalone target not found
Native extension for WebGL target not found
Refreshing native plugins compatible for Editor in 0.49 ms, found 0 plugins.
Preloading 0 native plugins for Editor in 0.00 ms.
Mono: successfully reloaded assembly
- Completed reload, in  0.808 seconds
Platform modules already initialized, skipping
Refreshing native plugins compatible for Editor in 0.49 ms, found 0 plugins.
Preloading 0 native plugins for Editor in 0.00 ms.
Unloading 1654 Unused Serialized files (Serialized files now loaded: 0)
System memory in use before: 72.4 MB.
System memory in use after: 72.5 MB.

Unloading 33 unused Assets to reduce memory usage. Loaded Objects now: 2171.
Total: 4.823700 ms (FindLiveObjects: 0.258200 ms CreateObjectMapping: 0.076200 ms MarkObjects: 4.471000 ms  DeleteObjects: 0.017100 ms)

========================================================================
Received Prepare
Registering precompiled user dll's ...
Registered in 0.001840 seconds.
Begin MonoManager ReloadAssembly
Native extension for WindowsStandalone target not found
Native extension for WebGL target not found
Refreshing native plugins compatible for Editor in 0.48 ms, found 0 plugins.
Preloading 0 native plugins for Editor in 0.00 ms.
Mono: successfully reloaded assembly
- Completed reload, in  0.740 seconds
Platform modules already initialized, skipping
Refreshing native plugins compatible for Editor in 0.53 ms, found 0 plugins.
Preloading 0 native plugins for Editor in 0.00 ms.
Unloading 1654 Unused Serialized files (Serialized files now loaded: 0)
System memory in use before: 72.4 MB.
System memory in use after: 72.5 MB.

Unloading 33 unused Assets to reduce memory usage. Loaded Objects now: 2174.
Total: 4.589000 ms (FindLiveObjects: 0.181900 ms CreateObjectMapping: 0.061200 ms MarkObjects: 4.327300 ms  DeleteObjects: 0.017300 ms)

========================================================================
Received Import Request.
  Time since last request: 1017.510317 seconds.
  path: Assets/Interface/Botao_Amarelo01.png
  artifactKey: Guid(9f27376967f27444e88c17854a90c799) Importer(815301076,1909f56bfc062723c751e8b465ee728b)
Start importing Assets/Interface/Botao_Amarelo01.png using Guid(9f27376967f27444e88c17854a90c799) Importer(815301076,1909f56bfc062723c751e8b465ee728b)  -> (artifact id: 'd21342bc13229a207de39f5533fd1608') in 0.054931 seconds
  Import took 0.057758 seconds .

========================================================================
Received Import Request.
  Time since last request: 0.000291 seconds.
  path: Assets/Interface/Botao_Amarelo02.png
  artifactKey: Guid(a694205136a61f44595f7124ab1e80d0) Importer(815301076,1909f56bfc062723c751e8b465ee728b)
Start importing Assets/Interface/Botao_Amarelo02.png using Guid(a694205136a61f44595f7124ab1e80d0) Importer(815301076,1909f56bfc062723c751e8b465ee728b)  -> (artifact id: '1e9fadfed7f6e9a2c1100cdd1f711649') in 0.015718 seconds
  Import took 0.018212 seconds .

========================================================================
Received Import Request.
  Time since last request: 0.000281 seconds.
  path: Assets/Interface/Botao_Amarelo01.png
  artifactKey: Guid(9f27376967f27444e88c17854a90c799) Importer(815301076,1909f56bfc062723c751e8b465ee728b)
Start importing Assets/Interface/Botao_Amarelo01.png using Guid(9f27376967f27444e88c17854a90c799) Importer(815301076,1909f56bfc062723c751e8b465ee728b)  -> (artifact id: 'd21342bc13229a207de39f5533fd1608') in 0.006583 seconds
  Import took 0.008888 seconds .

========================================================================
Received Import Request.
  Time since last request: 0.000211 seconds.
  path: Assets/Interface/Botao_Azul02.png
  artifactKey: Guid(eb314f09b936ec645afe06253fc74caf) Importer(815301076,1909f56bfc062723c751e8b465ee728b)
Start importing Assets/Interface/Botao_Azul02.png using Guid(eb314f09b936ec645afe06253fc74caf) Importer(815301076,1909f56bfc062723c751e8b465ee728b)  -> (artifact id: '861c34e07a4c7c7cac1f312e4fe613b9') in 0.017125 seconds
  Import took 0.019875 seconds .

========================================================================
Received Import Request.
  Time since last request: 0.000258 seconds.
  path: Assets/Interface/Botao_Amarelo03.png
  artifactKey: Guid(df35f6f77391b0841a4543754a86b540) Importer(815301076,1909f56bfc062723c751e8b465ee728b)
Start importing Assets/Interface/Botao_Amarelo03.png using Guid(df35f6f77391b0841a4543754a86b540) Importer(815301076,1909f56bfc062723c751e8b465ee728b)  -> (artifact id: '3fb2f3bbe346459aa20919e7fd95a7de') in 0.015632 seconds
  Import took 0.018371 seconds .

========================================================================
Received Import Request.
  Time since last request: 0.000185 seconds.
  path: Assets/Interface/Botao_Azul01.png
  artifactKey: Guid(22d6f89411d9847488c3a2d5fda98481) Importer(815301076,1909f56bfc062723c751e8b465ee728b)
Start importing Assets/Interface/Botao_Azul01.png using Guid(22d6f89411d9847488c3a2d5fda98481) Importer(815301076,1909f56bfc062723c751e8b465ee728b)  -> (artifact id: 'e73da104274c691fd32ee670475aaa52') in 0.016806 seconds
  Import took 0.019374 seconds .

========================================================================
Received Import Request.
  Time since last request: 0.000433 seconds.
  path: Assets/Interface/Botao_Amarelo04.png
  artifactKey: Guid(af7ad5132b361a8478127ae777fcb451) Importer(815301076,1909f56bfc062723c751e8b465ee728b)
Start importing Assets/Interface/Botao_Amarelo04.png using Guid(af7ad5132b361a8478127ae777fcb451) Importer(815301076,1909f56bfc062723c751e8b465ee728b)  -> (artifact id: '13460654ee4e05809d4bde16fbe4a248') in 0.013968 seconds
  Import took 0.016414 seconds .

========================================================================
Received Import Request.
  Time since last request: 0.000239 seconds.
  path: Assets/Interface/Botao_Azul04.png
  artifactKey: Guid(6b0c021402ac3734ba1ccb6034ab33ba) Importer(815301076,1909f56bfc062723c751e8b465ee728b)
Start importing Assets/Interface/Botao_Azul04.png using Guid(6b0c021402ac3734ba1ccb6034ab33ba) Importer(815301076,1909f56bfc062723c751e8b465ee728b)  -> (artifact id: '3166f5f91b4b9c67a405e233712855ad') in 0.016695 seconds
  Import took 0.019608 seconds .

========================================================================
Received Import Request.
  Time since last request: 0.000226 seconds.
  path: Assets/Interface/Botao_Azul03.png
  artifactKey: Guid(fa0a9740cccaa354983b2bce93049a2b) Importer(815301076,1909f56bfc062723c751e8b465ee728b)
Start importing Assets/Interface/Botao_Azul03.png using Guid(fa0a9740cccaa354983b2bce93049a2b) Importer(815301076,1909f56bfc062723c751e8b465ee728b)  -> (artifact id: 'd7b1d690365d71f25df87d8cc603df01') in 0.013768 seconds
  Import took 0.016215 seconds .

========================================================================
Received Import Request.
  Time since last request: 0.415132 seconds.
  path: Assets/Interface/Botao_Cinza01.png
  artifactKey: Guid(5b61105a23847da4497b23fdd7a54de5) Importer(815301076,1909f56bfc062723c751e8b465ee728b)
Start importing Assets/Interface/Botao_Cinza01.png using Guid(5b61105a23847da4497b23fdd7a54de5) Importer(815301076,1909f56bfc062723c751e8b465ee728b)  -> (artifact id: 'a35ae6ff9a5ce41e4c0345745c89d1b3') in 0.012117 seconds
  Import took 0.014606 seconds .

========================================================================
Received Import Request.
  Time since last request: 0.010131 seconds.
  path: Assets/Interface/Botao_Cinza03.png
  artifactKey: Guid(44cbba5825074e74a97806dee41ef1ec) Importer(815301076,1909f56bfc062723c751e8b465ee728b)
Start importing Assets/Interface/Botao_Cinza03.png using Guid(44cbba5825074e74a97806dee41ef1ec) Importer(815301076,1909f56bfc062723c751e8b465ee728b)  -> (artifact id: '553f7d4d7e2b56adea35c0ff644737e1') in 0.014111 seconds
  Import took 0.016790 seconds .

========================================================================
Received Import Request.
  Time since last request: 0.000282 seconds.
  path: Assets/Interface/Botao_Cinza04.png
  artifactKey: Guid(47fe83e93c4d9904cb913ab4f132b1dc) Importer(815301076,1909f56bfc062723c751e8b465ee728b)
Start importing Assets/Interface/Botao_Cinza04.png using Guid(47fe83e93c4d9904cb913ab4f132b1dc) Importer(815301076,1909f56bfc062723c751e8b465ee728b)  -> (artifact id: 'b9098125f1fd0ee693ff484275a88a61') in 0.013114 seconds
  Import took 0.015630 seconds .

========================================================================
Received Import Request.
  Time since last request: 0.000254 seconds.
  path: Assets/Interface/Botao_Laranja01.png
  artifactKey: Guid(7f86dc505f15e30408f00931e8ef2570) Importer(815301076,1909f56bfc062723c751e8b465ee728b)
Start importing Assets/Interface/Botao_Laranja01.png using Guid(7f86dc505f15e30408f00931e8ef2570) Importer(815301076,1909f56bfc062723c751e8b465ee728b)  -> (artifact id: '9db57f3ba38022e97b5d904c47762d87') in 0.013557 seconds
  Import took 0.016543 seconds .

========================================================================
Received Import Request.
  Time since last request: 0.299744 seconds.
  path: Assets/Interface/Botao_Laranja02.png
  artifactKey: Guid(5058e0b61c6a00e439e39d9878d70f42) Importer(815301076,1909f56bfc062723c751e8b465ee728b)
Start importing Assets/Interface/Botao_Laranja02.png using Guid(5058e0b61c6a00e439e39d9878d70f42) Importer(815301076,1909f56bfc062723c751e8b465ee728b)  -> (artifact id: '2fa121673ca74287c2fc5f12a7c94889') in 0.017889 seconds
  Import took 0.021361 seconds .

========================================================================
Received Import Request.
  Time since last request: 0.000387 seconds.
  path: Assets/Interface/Botao_Laranja03.png
  artifactKey: Guid(6b12f15d7e08bd04b92ede3dc55e0e0d) Importer(815301076,1909f56bfc062723c751e8b465ee728b)
Start importing Assets/Interface/Botao_Laranja03.png using Guid(6b12f15d7e08bd04b92ede3dc55e0e0d) Importer(815301076,1909f56bfc062723c751e8b465ee728b)  -> (artifact id: '838d978eb13a8a2528185f838d37435d') in 0.014826 seconds
  Import took 0.017616 seconds .

========================================================================
Received Import Request.
  Time since last request: 0.000315 seconds.
  path: Assets/Interface/Botao_Laranja04.png
  artifactKey: Guid(c88b5b35737099341b35ef0f65248bcd) Importer(815301076,1909f56bfc062723c751e8b465ee728b)
Start importing Assets/Interface/Botao_Laranja04.png using Guid(c88b5b35737099341b35ef0f65248bcd) Importer(815301076,1909f56bfc062723c751e8b465ee728b)  -> (artifact id: '9e09dce4032ee2cce6f1d64cc578b183') in 0.018758 seconds
  Import took 0.021625 seconds .

========================================================================
Received Import Request.
  Time since last request: 0.006072 seconds.
  path: Assets/Interface/Botao_Verde02.png
  artifactKey: Guid(7d2b6cd693206e9498c6e1e120d10fa2) Importer(815301076,1909f56bfc062723c751e8b465ee728b)
Start importing Assets/Interface/Botao_Verde02.png using Guid(7d2b6cd693206e9498c6e1e120d10fa2) Importer(815301076,1909f56bfc062723c751e8b465ee728b)  -> (artifact id: 'ef91ea0cc0b12718d2b2c6cff6e6dd74') in 0.017232 seconds
  Import took 0.020373 seconds .

========================================================================
Received Import Request.
  Time since last request: 0.000339 seconds.
  path: Assets/Interface/Botao_Verde03.png
  artifactKey: Guid(f093506d1d86eb14da11df5f63f34297) Importer(815301076,1909f56bfc062723c751e8b465ee728b)
Start importing Assets/Interface/Botao_Verde03.png using Guid(f093506d1d86eb14da11df5f63f34297) Importer(815301076,1909f56bfc062723c751e8b465ee728b)  -> (artifact id: '9c22ab5e35caaf968cf20ed683e67fe4') in 0.013530 seconds
  Import took 0.016184 seconds .

========================================================================
Received Import Request.
  Time since last request: 0.264246 seconds.
  path: Assets/Texturas/Cenario.png
  artifactKey: Guid(4ff1af79d71131d4baa930635e93b073) Importer(815301076,1909f56bfc062723c751e8b465ee728b)
Start importing Assets/Texturas/Cenario.png using Guid(4ff1af79d71131d4baa930635e93b073) Importer(815301076,1909f56bfc062723c751e8b465ee728b)  -> (artifact id: '86936993ce1fc6711403e23a9bae735e') in 0.030834 seconds
  Import took 0.034220 seconds .

========================================================================
Received Import Request.
  Time since last request: 0.000288 seconds.
  path: Assets/Texturas/Corpos/Corpo_02.png
  artifactKey: Guid(d361e626f294f2e4f834ec3cc61758ab) Importer(815301076,1909f56bfc062723c751e8b465ee728b)
Start importing Assets/Texturas/Corpos/Corpo_02.png using Guid(d361e626f294f2e4f834ec3cc61758ab) Importer(815301076,1909f56bfc062723c751e8b465ee728b)  -> (artifact id: '22226df7697f518730264ba986137c4e') in 0.020610 seconds
  Import took 0.022940 seconds .

========================================================================
Received Import Request.
  Time since last request: 0.000286 seconds.
  path: Assets/Texturas/Corpos/Corpo_03.png
  artifactKey: Guid(c1f52c4ae99ce5b43a14ded45027c7dd) Importer(815301076,1909f56bfc062723c751e8b465ee728b)
Start importing Assets/Texturas/Corpos/Corpo_03.png using Guid(c1f52c4ae99ce5b43a14ded45027c7dd) Importer(815301076,1909f56bfc062723c751e8b465ee728b)  -> (artifact id: 'a818153504cb1b09f27f3cf83dc36195') in 0.016441 seconds
  Import took 0.018863 seconds .

========================================================================
Received Import Request.
  Time since last request: 0.000279 seconds.
  path: Assets/Texturas/Corpos/Corpo_04.png
  artifactKey: Guid(9e44986f16c307f45b80d0c9d282299b) Importer(815301076,1909f56bfc062723c751e8b465ee728b)
Start importing Assets/Texturas/Corpos/Corpo_04.png using Guid(9e44986f16c307f45b80d0c9d282299b) Importer(815301076,1909f56bfc062723c751e8b465ee728b)  -> (artifact id: '8f17ed727b33475d93ff41f56f80af8b') in 0.017266 seconds
  Import took 0.019772 seconds .

========================================================================
Received Import Request.
  Time since last request: 0.000227 seconds.
  path: Assets/Texturas/Corpos/Corpo_01.png
  artifactKey: Guid(f99b2a52314de76448f7285c9783ed91) Importer(815301076,1909f56bfc062723c751e8b465ee728b)
Start importing Assets/Texturas/Corpos/Corpo_01.png using Guid(f99b2a52314de76448f7285c9783ed91) Importer(815301076,1909f56bfc062723c751e8b465ee728b)  -> (artifact id: 'ce0c1d971bdac39e288da896246ada40') in 0.017072 seconds
  Import took 0.019487 seconds .

========================================================================
Received Import Request.
  Time since last request: 12.722393 seconds.
  path: Packages/com.unity.purchasing/Icons/LinkBlack.png
  artifactKey: Guid(33d3dd2c39dfd49a3b2d36b20225624a) Importer(815301076,1909f56bfc062723c751e8b465ee728b)
Start importing Packages/com.unity.purchasing/Icons/LinkBlack.png using Guid(33d3dd2c39dfd49a3b2d36b20225624a) Importer(815301076,1909f56bfc062723c751e8b465ee728b)  -> (artifact id: 'f294fb090a9ebddc7215f50b84ad7ad5') in 0.013621 seconds
  Import took 0.016183 seconds .

========================================================================
Received Import Request.
  Time since last request: 0.000318 seconds.
  path: Assets/Interface/Mira.png
  artifactKey: Guid(53ec8ac023aa16f48b373c7d8222f03c) Importer(815301076,1909f56bfc062723c751e8b465ee728b)
Start importing Assets/Interface/Mira.png using Guid(53ec8ac023aa16f48b373c7d8222f03c) Importer(815301076,1909f56bfc062723c751e8b465ee728b)  -> (artifact id: '42286cd92c38789e3eb1c82599b9157a') in 0.008554 seconds
  Import took 0.010928 seconds .

========================================================================
Received Import Request.
  Time since last request: 0.000252 seconds.
  path: Assets/Texturas/Personagens/Personagem_Empresario.png
  artifactKey: Guid(6ab68334279b7a44caf244340a714929) Importer(815301076,1909f56bfc062723c751e8b465ee728b)
Start importing Assets/Texturas/Personagens/Personagem_Empresario.png using Guid(6ab68334279b7a44caf244340a714929) Importer(815301076,1909f56bfc062723c751e8b465ee728b)  -> (artifact id: '9676ae29fb3dd537d837f30ddae3c17c') in 0.016197 seconds
  Import took 0.018803 seconds .

========================================================================
Received Import Request.
  Time since last request: 0.000293 seconds.
  path: Assets/Texturas/Personagens/Personagem_Construtor.png
  artifactKey: Guid(f7dd35384e233a344ade3ccc81aa1f10) Importer(815301076,1909f56bfc062723c751e8b465ee728b)
Start importing Assets/Texturas/Personagens/Personagem_Construtor.png using Guid(f7dd35384e233a344ade3ccc81aa1f10) Importer(815301076,1909f56bfc062723c751e8b465ee728b)  -> (artifact id: '579ec42cc2b9a93f2fa4cef4f85af0cf') in 0.013829 seconds
  Import took 0.016099 seconds .

========================================================================
Received Import Request.
  Time since last request: 0.000255 seconds.
  path: Assets/Texturas/Personagens/Personagem_Cacador.png
  artifactKey: Guid(86f4eb568f641bc4caf79cb6beca8739) Importer(815301076,1909f56bfc062723c751e8b465ee728b)
Start importing Assets/Texturas/Personagens/Personagem_Cacador.png using Guid(86f4eb568f641bc4caf79cb6beca8739) Importer(815301076,1909f56bfc062723c751e8b465ee728b)  -> (artifact id: '70f34c57323f12086c5ec1d5cc13821e') in 0.011798 seconds
  Import took 0.014009 seconds .

========================================================================
Received Import Request.
  Time since last request: 0.000294 seconds.
  path: Assets/Texturas/Personagens/Personagem_Fazendeiro.png
  artifactKey: Guid(54d1f54ae06f3704f81013c74418b60e) Importer(815301076,1909f56bfc062723c751e8b465ee728b)
Start importing Assets/Texturas/Personagens/Personagem_Fazendeiro.png using Guid(54d1f54ae06f3704f81013c74418b60e) Importer(815301076,1909f56bfc062723c751e8b465ee728b)  -> (artifact id: 'a2e2ab821a256b5e3e928490723c972a') in 0.012174 seconds
  Import took 0.014426 seconds .

========================================================================
Received Import Request.
  Time since last request: 0.000309 seconds.
  path: Packages/com.unity.purchasing/Icons/LinkBlack.png
  artifactKey: Guid(33d3dd2c39dfd49a3b2d36b20225624a) Importer(815301076,1909f56bfc062723c751e8b465ee728b)
Start importing Packages/com.unity.purchasing/Icons/LinkBlack.png using Guid(33d3dd2c39dfd49a3b2d36b20225624a) Importer(815301076,1909f56bfc062723c751e8b465ee728b)  -> (artifact id: 'f294fb090a9ebddc7215f50b84ad7ad5') in 0.006063 seconds
  Import took 0.009002 seconds .

========================================================================
Received Import Request.
  Time since last request: 0.000267 seconds.
  path: Packages/com.unity.purchasing/Icons/LinkWhite.png
  artifactKey: Guid(e679a29ca22bc4fa0bd848bd79a42b79) Importer(815301076,1909f56bfc062723c751e8b465ee728b)
Start importing Packages/com.unity.purchasing/Icons/LinkWhite.png using Guid(e679a29ca22bc4fa0bd848bd79a42b79) Importer(815301076,1909f56bfc062723c751e8b465ee728b)  -> (artifact id: '6c03dcff5711a400d978541a5ccf1e87') in 0.014659 seconds
  Import took 0.016908 seconds .

========================================================================
Received Import Request.
  Time since last request: 0.000277 seconds.
  path: Assets/Texturas/Personagens/Personagem_Explorador.png
  artifactKey: Guid(383281580c79a0e4e8408a9afe11ad43) Importer(815301076,1909f56bfc062723c751e8b465ee728b)
Start importing Assets/Texturas/Personagens/Personagem_Explorador.png using Guid(383281580c79a0e4e8408a9afe11ad43) Importer(815301076,1909f56bfc062723c751e8b465ee728b)  -> (artifact id: '6bc2b79e6f435c9f5a4558ff29f81d76') in 0.012471 seconds
  Import took 0.015027 seconds .

========================================================================
Received Import Request.
  Time since last request: 306.177462 seconds.
  path: Assets/Scripts/Gameplay/MovimentoJogador.cs
  artifactKey: Guid(123ba307a469ead4abbb7c73290738ec) Importer(815301076,1909f56bfc062723c751e8b465ee728b)
Start importing Assets/Scripts/Gameplay/MovimentoJogador.cs using Guid(123ba307a469ead4abbb7c73290738ec) Importer(815301076,1909f56bfc062723c751e8b465ee728b)  -> (artifact id: 'c373ecc932905fc98ac4c1ef071b9748') in 0.002485 seconds
  Import took 0.005840 seconds .

========================================================================
Received Import Request.
  Time since last request: 0.000559 seconds.
  path: Assets/Scripts/Gameplay/MovimentoJogador.cs
  artifactKey: Guid(123ba307a469ead4abbb7c73290738ec) Importer(815301076,1909f56bfc062723c751e8b465ee728b)
Start importing Assets/Scripts/Gameplay/MovimentoJogador.cs using Guid(123ba307a469ead4abbb7c73290738ec) Importer(815301076,1909f56bfc062723c751e8b465ee728b)  -> (artifact id: 'c373ecc932905fc98ac4c1ef071b9748') in 0.002601 seconds
  Import took 0.005597 seconds .

========================================================================
Received Prepare
Registering precompiled user dll's ...
Registered in 0.002129 seconds.
Begin MonoManager ReloadAssembly
Native extension for WindowsStandalone target not found
Native extension for WebGL target not found
Refreshing native plugins compatible for Editor in 0.92 ms, found 0 plugins.
Preloading 0 native plugins for Editor in 0.00 ms.
Mono: successfully reloaded assembly
- Completed reload, in  0.885 seconds
Platform modules already initialized, skipping
Refreshing native plugins compatible for Editor in 0.82 ms, found 0 plugins.
Preloading 0 native plugins for Editor in 0.00 ms.
Unloading 1654 Unused Serialized files (Serialized files now loaded: 0)
System memory in use before: 72.4 MB.
System memory in use after: 72.6 MB.

Unloading 34 unused Assets to reduce memory usage. Loaded Objects now: 2182.
Total: 5.708300 ms (FindLiveObjects: 0.161700 ms CreateObjectMapping: 0.055000 ms MarkObjects: 5.445200 ms  DeleteObjects: 0.044800 ms)

========================================================================
Received Import Request.
  Time since last request: 188.910366 seconds.
  path: Assets/Scripts/Gameplay/MovimentoJogador.cs
  artifactKey: Guid(123ba307a469ead4abbb7c73290738ec) Importer(815301076,1909f56bfc062723c751e8b465ee728b)
Start importing Assets/Scripts/Gameplay/MovimentoJogador.cs using Guid(123ba307a469ead4abbb7c73290738ec) Importer(815301076,1909f56bfc062723c751e8b465ee728b)  -> (artifact id: '0928c2ea6dde12f86b4e2e377ae7b5e7') in 0.004616 seconds
  Import took 0.007412 seconds .

AssetImportWorkerClient::OnTransportError - code=2 error=End of file
